<?xml version="1.0" encoding="UTF-8"?>
<!-- Generated by org.testng.reporters.JUnitReportReporter -->
<testsuite hostname="mac" failures="0" tests="2" name="tests.LeafGroundTests1" time="0.715" errors="0" timestamp="2024-02-25T12:24:20 IST" skipped="0">
  <testcase classname="tests.LeafGroundTests1" name="textBoxTest" time="0.523"/>
  <testcase classname="tests.LeafGroundTests1" name="textBoxTest" time="0.192"/>
</testsuite> <!-- tests.LeafGroundTests1 -->
